<?xml version="1.0" encoding="UTF-8"?>
<!-- Generated by org.testng.reporters.JUnitReportReporter -->
<testsuite hostname="VIDHYARAJENDRAN" failures="0" tests="1" name="com.testScenarios.addMultipleItemsCart" time="4.818" errors="0" timestamp="2024-06-02T03:51:33 IST" skipped="0">
  <testcase classname="com.testScenarios.addMultipleItemsCart" name="loginApplication" time="4.818"/>
</testsuite> <!-- com.testScenarios.addMultipleItemsCart -->
