<?xml version="1.0" encoding="UTF-8"?>
<!-- Generated by org.testng.reporters.JUnitReportReporter -->
<testsuite hostname="VIDHYARAJENDRAN" failures="0" tests="1" name="com.testScenarios.DeleteMultipleItems" time="3.231" errors="0" timestamp="2024-06-02T04:50:11 IST" skipped="0">
  <testcase classname="com.testScenarios.DeleteMultipleItems" name="AddMultipleItems" time="3.231"/>
</testsuite> <!-- com.testScenarios.DeleteMultipleItems -->
