<?xml version="1.0" encoding="UTF-8"?>
<!-- Generated by org.testng.reporters.JUnitReportReporter -->
<testsuite hostname="VIDHYARAJENDRAN" failures="0" tests="2" name="com.testScenarios.SubmitOrder" time="9.742" errors="0" timestamp="2024-06-02T01:33:53 IST" skipped="0">
  <testcase classname="com.testScenarios.SubmitOrder" name="EndtoEndFlow" time="6.258"/>
  <testcase classname="com.testScenarios.SubmitOrder" name="EndtoEndFlow" time="3.484"/>
</testsuite> <!-- com.testScenarios.SubmitOrder -->
