<?xml version="1.0" encoding="UTF-8"?>
<!-- Generated by org.testng.reporters.JUnitReportReporter -->
<testsuite hostname="VIDHYARAJENDRAN" failures="0" tests="1" name="com.testScenarios.DeleteProductsFromCart" time="3.453" errors="0" timestamp="2024-06-02T01:41:45 IST" skipped="0">
  <testcase classname="com.testScenarios.DeleteProductsFromCart" name="DeleteProd" time="3.453"/>
</testsuite> <!-- com.testScenarios.DeleteProductsFromCart -->
